{
  "stats": {
    "suites": 7,
    "tests": 26,
    "passes": 20,
    "pending": 0,
    "failures": 6,
    "testsRegistered": 26,
    "passPercent": 76.92307692307692,
    "pendingPercent": 0,
    "other": 0,
    "hasOther": false,
    "skipped": 0,
    "hasSkipped": false,
    "start": "2026-03-08T19:18:39.840Z",
    "end": "2026-03-08T19:24:55.969Z",
    "duration": 376129
  },
  "results": [
    {
      "uuid": "2d673265-da2e-454a-94b1-888b73dcb8b1",
      "title": "",
      "fullFile": "cypress\\e2e\\accountPage.cy.js",
      "file": "cypress\\e2e\\accountPage.cy.js",
      "beforeHooks": [],
      "afterHooks": [],
      "tests": [],
      "suites": [
        {
          "uuid": "d0d069bd-a0e7-46af-97bb-65f290a2f626",
          "title": "TC07 - Account Page Evershop",
          "fullFile": "",
          "file": "",
          "beforeHooks": [],
          "afterHooks": [],
          "tests": [
            {
              "title": "TC07008 - User logout account",
              "fullTitle": "TC07 - Account Page Evershop TC07008 - User logout account",
              "timedOut": null,
              "duration": 17852,
              "state": "passed",
              "speed": "slow",
              "pass": true,
              "fail": false,
              "pending": false,
              "context": null,
              "code": "// Step 1: Klik logout\naccountPage.clickLogout();\ncy.wait(2000);\n// Expected: Account terlogout dan user diarahkan ke halaman home\naccountPage.verifyHomePageUrl();",
              "err": {},
              "uuid": "24bdd20e-ca3e-4f76-985b-5cea969b5b9b",
              "parentUUID": "d0d069bd-a0e7-46af-97bb-65f290a2f626",
              "isHook": false,
              "skipped": false
            }
          ],
          "suites": [],
          "passes": [
            "24bdd20e-ca3e-4f76-985b-5cea969b5b9b"
          ],
          "failures": [],
          "pending": [],
          "skipped": [],
          "duration": 17852,
          "root": false,
          "rootEmpty": false,
          "_timeout": 2000
        }
      ],
      "passes": [],
      "failures": [],
      "pending": [],
      "skipped": [],
      "duration": 0,
      "root": true,
      "rootEmpty": true,
      "_timeout": 2000
    },
    {
      "uuid": "34ca52bd-12b3-465e-8db9-223a86763b61",
      "title": "",
      "fullFile": "cypress\\e2e\\checkoutPageWithLogin.cy.js",
      "file": "cypress\\e2e\\checkoutPageWithLogin.cy.js",
      "beforeHooks": [],
      "afterHooks": [],
      "tests": [],
      "suites": [
        {
          "uuid": "62a98aeb-84ac-4e22-b96d-5701afce1fd0",
          "title": "TC04 - Checkout dengan Login",
          "fullFile": "",
          "file": "",
          "beforeHooks": [],
          "afterHooks": [],
          "tests": [
            {
              "title": "TC04005 - Checkout dengan mengisi semua field mandatory dengan teks panjang dan tidak valid (256 karakter)",
              "fullTitle": "TC04 - Checkout dengan Login TC04005 - Checkout dengan mengisi semua field mandatory dengan teks panjang dan tidak valid (256 karakter)",
              "timedOut": null,
              "duration": 96827,
              "state": "failed",
              "speed": null,
              "pass": false,
              "fail": true,
              "pending": false,
              "context": null,
              "code": "const {\n  invalidLongTextShippingAddress,\n  invalidLongTextBillingAddress,\n  product,\n  expectedMessages\n} = checkoutData;\n// 1. Buka halaman checkout dengan produk di cart\ncheckoutPageWithLogin.addProductToCart(product.quantity.single, product.name, product.color);\ncheckoutPageWithLogin.verifyOnCheckoutPage();\n// 2. Isi semua field mandatory dengan 256 karakter\ncheckoutPageWithLogin.fillShippingAddress(invalidLongTextShippingAddress);\ncheckoutPageWithLogin.selectShippingMethod(checkoutData.shippingMethod.standard);\ncy.wait(1000);\n// 3. Pilih billing address: use a different billing address\ncheckoutPageWithLogin.selectDifferentBillingAddress();\n// 4. Isi semua field mandatory dengan 256 karakter\ncheckoutPageWithLogin.fillBillingAddress(invalidLongTextBillingAddress);\n// 5. Pilih COD\ncheckoutPageWithLogin.selectPaymentMethodCOD();\ncy.wait(1000);\n// 6. Klik place order\ncheckoutPageWithLogin.clickPlaceOrder();\n// Expected: Muncul pesan error untuk telephone dan postcode\ncheckoutPageWithLogin.verifyInvalidFormatError(expectedMessages.telephoneInvalidFormat);\ncheckoutPageWithLogin.verifyInvalidFormatError(expectedMessages.postcodeInvalidFormat);\n// Expected: Checkout gagal\ncheckoutPageWithLogin.verifyCheckoutFailed();",
              "err": {
                "message": "AssertionError: Timed out retrying after 4000ms: Expected to find content: 'Telephone can only contain numbers' but never did.",
                "estack": "AssertionError: Timed out retrying after 4000ms: Expected to find content: 'Telephone can only contain numbers' but never did.\n    at CheckoutPage.verifyInvalidFormatError (webpack:///./cypress/support/POM/checkoutPageWithLogin.js:491:25)\n    at Context.eval (webpack:///./cypress/e2e/checkoutPageWithLogin.cy.js:153:26)",
                "diff": null
              },
              "uuid": "26b0b10b-7667-41d6-a310-33a2b5535f0c",
              "parentUUID": "62a98aeb-84ac-4e22-b96d-5701afce1fd0",
              "isHook": false,
              "skipped": false
            }
          ],
          "suites": [],
          "passes": [],
          "failures": [
            "26b0b10b-7667-41d6-a310-33a2b5535f0c"
          ],
          "pending": [],
          "skipped": [],
          "duration": 96827,
          "root": false,
          "rootEmpty": false,
          "_timeout": 2000
        }
      ],
      "passes": [],
      "failures": [],
      "pending": [],
      "skipped": [],
      "duration": 0,
      "root": true,
      "rootEmpty": true,
      "_timeout": 2000
    },
    {
      "uuid": "1e48da57-378d-4539-a833-b62bce762bab",
      "title": "",
      "fullFile": "cypress\\e2e\\checkoutPageWithoutLogin.cy.js",
      "file": "cypress\\e2e\\checkoutPageWithoutLogin.cy.js",
      "beforeHooks": [],
      "afterHooks": [],
      "tests": [],
      "suites": [
        {
          "uuid": "f2cfd88c-7545-43d6-a950-d69e031a9751",
          "title": "TC05 - Checkout tanpa Login",
          "fullFile": "",
          "file": "",
          "beforeHooks": [],
          "afterHooks": [],
          "tests": [
            {
              "title": "TC05005 - Checkout dengan mengisi semua field mandatory dengan teks panjang dan tidak valid (256 karakter)",
              "fullTitle": "TC05 - Checkout tanpa Login TC05005 - Checkout dengan mengisi semua field mandatory dengan teks panjang dan tidak valid (256 karakter)",
              "timedOut": null,
              "duration": 75586,
              "state": "failed",
              "speed": null,
              "pass": false,
              "fail": true,
              "pending": false,
              "context": null,
              "code": "const {\n  email,\n  invalidLongTextShippingAddress,\n  invalidLongTextBillingAddress,\n  product,\n  expectedMessages\n} = checkoutData;\n// Precondition: Product sudah ditambahkan ke cart\ncheckoutPage.addProductToCart(product.quantity.single, product.name, product.color);\ncheckoutPage.verifyOnCheckoutPage();\n// 1. Isi email\ncheckoutPage.fillEmail(email.valid);\n// 2. Isi semua field mandatory dengan 256 karakter\ncheckoutPage.fillShippingAddress(invalidLongTextShippingAddress);\ncheckoutPage.selectShippingMethod(checkoutData.shippingMethod.standard);\ncy.wait(1000);\n// 3. Pilih billing address: use a different billing address\ncheckoutPage.selectDifferentBillingAddress();\n// 4. Isi semua field mandatory dengan 256 karakter\ncheckoutPage.fillBillingAddress(invalidLongTextBillingAddress);\n// 5. Pilih COD\ncheckoutPage.selectPaymentMethodCOD();\ncy.wait(1000);\n// 6. Klik place order\ncheckoutPage.clickPlaceOrder();\n// Expected: Muncul pesan error untuk telephone dan postcode\ncheckoutPage.verifyInvalidFormatError(expectedMessages.telephoneInvalidFormat);\ncheckoutPage.verifyInvalidFormatError(expectedMessages.postcodeInvalidFormat);\n// Expected: Checkout gagal\ncheckoutPage.verifyCheckoutFailed();",
              "err": {
                "message": "AssertionError: Timed out retrying after 4000ms: Expected to find content: 'Telephone can only contain numbers' but never did.",
                "estack": "AssertionError: Timed out retrying after 4000ms: Expected to find content: 'Telephone can only contain numbers' but never did.\n    at CheckoutPageWithoutLogin.verifyInvalidFormatError (webpack:///./cypress/support/POM/checkoutPageWithoutLogin.js:533:25)\n    at Context.eval (webpack:///./cypress/e2e/checkoutPageWithoutLogin.cy.js:235:17)",
                "diff": null
              },
              "uuid": "c3aa87dd-61db-43f5-a297-2f8e7240de9a",
              "parentUUID": "f2cfd88c-7545-43d6-a950-d69e031a9751",
              "isHook": false,
              "skipped": false
            }
          ],
          "suites": [],
          "passes": [],
          "failures": [
            "c3aa87dd-61db-43f5-a297-2f8e7240de9a"
          ],
          "pending": [],
          "skipped": [],
          "duration": 75586,
          "root": false,
          "rootEmpty": false,
          "_timeout": 2000
        }
      ],
      "passes": [],
      "failures": [],
      "pending": [],
      "skipped": [],
      "duration": 0,
      "root": true,
      "rootEmpty": true,
      "_timeout": 2000
    },
    {
      "uuid": "151f6927-6638-47c1-95fa-d7f367a6c811",
      "title": "",
      "fullFile": "cypress\\e2e\\loginPage.cy.js",
      "file": "cypress\\e2e\\loginPage.cy.js",
      "beforeHooks": [],
      "afterHooks": [],
      "tests": [],
      "suites": [
        {
          "uuid": "dc149756-2ff5-4d20-84e6-1cf82c4aab49",
          "title": "TC02 - Login Page Evershop",
          "fullFile": "",
          "file": "",
          "beforeHooks": [],
          "afterHooks": [],
          "tests": [],
          "suites": [
            {
              "uuid": "e16a9ef1-ccc8-4fd1-bf4a-6d268fda3291",
              "title": "TC02 - Login",
              "fullFile": "",
              "file": "",
              "beforeHooks": [],
              "afterHooks": [],
              "tests": [
                {
                  "title": "TC02001 - Login berhasil dengan email huruf kecil",
                  "fullTitle": "TC02 - Login Page Evershop TC02 - Login TC02001 - Login berhasil dengan email huruf kecil",
                  "timedOut": null,
                  "duration": 7961,
                  "state": "passed",
                  "speed": "medium",
                  "pass": true,
                  "fail": false,
                  "pending": false,
                  "context": null,
                  "code": "const {\n  email,\n  password\n} = loginData.validLogin;\nloginPage.login(email, password);\ncy.wait(2000);\nloginPage.verifyLoginSuccess();",
                  "err": {},
                  "uuid": "8e20f953-feb2-4c91-87d5-9a68cc4de26f",
                  "parentUUID": "e16a9ef1-ccc8-4fd1-bf4a-6d268fda3291",
                  "isHook": false,
                  "skipped": false
                },
                {
                  "title": "TC02002 - Login berhasil dengan email huruf besar",
                  "fullTitle": "TC02 - Login Page Evershop TC02 - Login TC02002 - Login berhasil dengan email huruf besar",
                  "timedOut": null,
                  "duration": 6491,
                  "state": "passed",
                  "speed": "medium",
                  "pass": true,
                  "fail": false,
                  "pending": false,
                  "context": null,
                  "code": "const {\n  emailUppercase,\n  password\n} = loginData.validLogin;\nloginPage.login(emailUppercase, password);\ncy.wait(2000);\nloginPage.verifyLoginSuccess();",
                  "err": {},
                  "uuid": "404ead58-9124-4c33-9b5e-312950b18c0a",
                  "parentUUID": "e16a9ef1-ccc8-4fd1-bf4a-6d268fda3291",
                  "isHook": false,
                  "skipped": false
                },
                {
                  "title": "TC02003 - Login gagal dengan email tidak terdaftar",
                  "fullTitle": "TC02 - Login Page Evershop TC02 - Login TC02003 - Login gagal dengan email tidak terdaftar",
                  "timedOut": null,
                  "duration": 3435,
                  "state": "passed",
                  "speed": "fast",
                  "pass": true,
                  "fail": false,
                  "pending": false,
                  "context": null,
                  "code": "const {\n  unregisteredEmail\n} = loginData.invalidLogin;\nconst {\n  password\n} = loginData.validLogin;\nloginPage.login(unregisteredEmail, password);\ncy.wait(1000);\nloginPage.verifyErrorMessage(\"Invalid email or password\");",
                  "err": {},
                  "uuid": "681deef7-9bfe-4259-9f25-d1c5e981393e",
                  "parentUUID": "e16a9ef1-ccc8-4fd1-bf4a-6d268fda3291",
                  "isHook": false,
                  "skipped": false
                },
                {
                  "title": "TC02004 - Login gagal dengan password salah",
                  "fullTitle": "TC02 - Login Page Evershop TC02 - Login TC02004 - Login gagal dengan password salah",
                  "timedOut": null,
                  "duration": 3369,
                  "state": "passed",
                  "speed": "fast",
                  "pass": true,
                  "fail": false,
                  "pending": false,
                  "context": null,
                  "code": "const {\n  email\n} = loginData.validLogin;\nconst {\n  wrongPassword\n} = loginData.invalidLogin;\nloginPage.fillEmail(email);\nloginPage.fillPassword(wrongPassword);\nloginPage.clickSignIn();\ncy.wait(1000);\nloginPage.verifyErrorMessage(\"Invalid email or password\");",
                  "err": {},
                  "uuid": "e15fd231-60ab-4821-a4ee-caee26fee207",
                  "parentUUID": "e16a9ef1-ccc8-4fd1-bf4a-6d268fda3291",
                  "isHook": false,
                  "skipped": false
                },
                {
                  "title": "TC02005 - Login gagal dengan email mengandung angka dan simbol selain @ serta tanpa @",
                  "fullTitle": "TC02 - Login Page Evershop TC02 - Login TC02005 - Login gagal dengan email mengandung angka dan simbol selain @ serta tanpa @",
                  "timedOut": null,
                  "duration": 12251,
                  "state": "passed",
                  "speed": "slow",
                  "pass": true,
                  "fail": false,
                  "pending": false,
                  "context": null,
                  "code": "const {\n  emailWithNumbersAndSymbols\n} = loginData.invalidLogin;\nconst {\n  longPassword\n} = loginData.invalidLogin;\nconst {\n  emailWithoutAt\n} = loginData.invalidLogin;\nloginPage.login(emailWithNumbersAndSymbols, longPassword);\ncy.wait(1000);\nloginPage.verifyErrorMessage(\"Invalid email or password\");\nloginPage.login(emailWithoutAt, longPassword);\ncy.wait(1000);\nloginPage.verifyErrorMessage(\"Invalid email or password\");",
                  "err": {},
                  "uuid": "e99536b7-b31d-4d9b-b29d-dc71566085c9",
                  "parentUUID": "e16a9ef1-ccc8-4fd1-bf4a-6d268fda3291",
                  "isHook": false,
                  "skipped": false
                },
                {
                  "title": "TC02006 - Validasi muncul saat field kosong",
                  "fullTitle": "TC02 - Login Page Evershop TC02 - Login TC02006 - Validasi muncul saat field kosong",
                  "timedOut": null,
                  "duration": 2475,
                  "state": "passed",
                  "speed": "fast",
                  "pass": true,
                  "fail": false,
                  "pending": false,
                  "context": null,
                  "code": "const {\n  emptyEmail,\n  emptyPassword\n} = loginData.invalidLogin;\nloginPage.login(emptyEmail, emptyPassword);\ncy.wait(500);\ncy.contains(\"Email is required\").should(\"be.visible\");\ncy.contains(\"Password is required\").should(\"be.visible\");\ncy.url().should(\"include\", \"/account/login\");",
                  "err": {},
                  "uuid": "bcb19ab7-568d-42d1-b0b9-d83eac0bb076",
                  "parentUUID": "e16a9ef1-ccc8-4fd1-bf4a-6d268fda3291",
                  "isHook": false,
                  "skipped": false
                },
                {
                  "title": "TC02007 - Password toggle berfungsi",
                  "fullTitle": "TC02 - Login Page Evershop TC02 - Login TC02007 - Password toggle berfungsi",
                  "timedOut": null,
                  "duration": 2783,
                  "state": "passed",
                  "speed": "fast",
                  "pass": true,
                  "fail": false,
                  "pending": false,
                  "context": null,
                  "code": "const {\n  email,\n  password\n} = loginData.validLogin;\nloginPage.fillEmail(email);\nloginPage.fillPassword(password);\nloginPage.verifyPasswordHidden();\nloginPage.clickShowPassword();\ncy.wait(500);\nloginPage.verifyPasswordVisible();",
                  "err": {},
                  "uuid": "9e014a09-5a30-498b-933a-16abf5e4a421",
                  "parentUUID": "e16a9ef1-ccc8-4fd1-bf4a-6d268fda3291",
                  "isHook": false,
                  "skipped": false
                },
                {
                  "title": "TC02008 - Klik Create an account mengarah ke halaman register",
                  "fullTitle": "TC02 - Login Page Evershop TC02 - Login TC02008 - Klik Create an account mengarah ke halaman register",
                  "timedOut": null,
                  "duration": 3219,
                  "state": "passed",
                  "speed": "fast",
                  "pass": true,
                  "fail": false,
                  "pending": false,
                  "context": null,
                  "code": "loginPage.clickCreateAccount();\ncy.wait(1000);\nloginPage.verifyOnRegisterPage();",
                  "err": {},
                  "uuid": "179fbbdd-88f3-4938-a830-2e8b6251095b",
                  "parentUUID": "e16a9ef1-ccc8-4fd1-bf4a-6d268fda3291",
                  "isHook": false,
                  "skipped": false
                },
                {
                  "title": "TC02009 - Klik Forgot Password mengarah ke halaman reset",
                  "fullTitle": "TC02 - Login Page Evershop TC02 - Login TC02009 - Klik Forgot Password mengarah ke halaman reset",
                  "timedOut": null,
                  "duration": 3289,
                  "state": "passed",
                  "speed": "fast",
                  "pass": true,
                  "fail": false,
                  "pending": false,
                  "context": null,
                  "code": "loginPage.clickForgotPassword();\ncy.wait(1000);\nloginPage.verifyOnForgotPasswordPage();",
                  "err": {},
                  "uuid": "dabff4d0-2c27-4ad6-b966-8348e9af0e93",
                  "parentUUID": "e16a9ef1-ccc8-4fd1-bf4a-6d268fda3291",
                  "isHook": false,
                  "skipped": false
                },
                {
                  "title": "TC02010 - Reset password berhasil dengan email terdaftar",
                  "fullTitle": "TC02 - Login Page Evershop TC02 - Login TC02010 - Reset password berhasil dengan email terdaftar",
                  "timedOut": null,
                  "duration": 9696,
                  "state": "failed",
                  "speed": null,
                  "pass": false,
                  "fail": true,
                  "pending": false,
                  "context": null,
                  "code": "const {\n  validEmail\n} = loginData.resetPassword;\nloginPage.clickForgotPassword();\ncy.wait(1000);\nloginPage.fillResetPasswordEmail(validEmail);\nloginPage.clickResetPassword();\ncy.wait(2000);\nloginPage.verifyErrorMessage(\"Password reset link sent to your email\");",
                  "err": {
                    "message": "AssertionError: Timed out retrying after 4000ms: expected '<div#tx07hh8raw.Toastify__toast.Toastify__toast--error>' to contain 'Password reset link sent to your email'",
                    "estack": "AssertionError: Timed out retrying after 4000ms: expected '<div#tx07hh8raw.Toastify__toast.Toastify__toast--error>' to contain 'Password reset link sent to your email'\n    at LoginPage.verifyErrorMessage (webpack:///./cypress/support/POM/loginPage.js:139:22)\n    at Context.eval (webpack:///./cypress/e2e/loginPage.cy.js:120:16)",
                    "diff": null
                  },
                  "uuid": "f40f1d6b-e266-44c0-8795-bd85fa9c96da",
                  "parentUUID": "e16a9ef1-ccc8-4fd1-bf4a-6d268fda3291",
                  "isHook": false,
                  "skipped": false
                },
                {
                  "title": "TC02011 - Reset password dengan field email kosong",
                  "fullTitle": "TC02 - Login Page Evershop TC02 - Login TC02011 - Reset password dengan field email kosong",
                  "timedOut": null,
                  "duration": 2965,
                  "state": "passed",
                  "speed": "fast",
                  "pass": true,
                  "fail": false,
                  "pending": false,
                  "context": null,
                  "code": "loginPage.clickForgotPassword();\nloginPage.fillResetPasswordEmail(\"\");\nloginPage.clickResetPassword();\ncy.wait(500);\ncy.contains(\"Email is required\").should(\"be.visible\");",
                  "err": {},
                  "uuid": "55166de1-b02a-4de6-8b7e-b83066000ac9",
                  "parentUUID": "e16a9ef1-ccc8-4fd1-bf4a-6d268fda3291",
                  "isHook": false,
                  "skipped": false
                },
                {
                  "title": "TC02012 - Reset password dengan email tanpa @",
                  "fullTitle": "TC02 - Login Page Evershop TC02 - Login TC02012 - Reset password dengan email tanpa @",
                  "timedOut": null,
                  "duration": 2988,
                  "state": "passed",
                  "speed": "fast",
                  "pass": true,
                  "fail": false,
                  "pending": false,
                  "context": null,
                  "code": "const {\n  invalidEmail\n} = loginData.resetPassword;\nloginPage.clickForgotPassword();\nloginPage.fillResetPasswordEmail(invalidEmail);\nloginPage.clickResetPassword();\ncy.wait(500);\ncy.contains(\"Please enter a valid email address\").should(\"be.visible\");",
                  "err": {},
                  "uuid": "0e475d0c-52c0-4430-b21a-9f9c51761010",
                  "parentUUID": "e16a9ef1-ccc8-4fd1-bf4a-6d268fda3291",
                  "isHook": false,
                  "skipped": false
                },
                {
                  "title": "TC02013 - Reset password dengan email tidak terdaftar",
                  "fullTitle": "TC02 - Login Page Evershop TC02 - Login TC02013 - Reset password dengan email tidak terdaftar",
                  "timedOut": null,
                  "duration": 4474,
                  "state": "passed",
                  "speed": "fast",
                  "pass": true,
                  "fail": false,
                  "pending": false,
                  "context": null,
                  "code": "const {\n  unregisteredEmail\n} = loginData.resetPassword;\nloginPage.clickForgotPassword();\nloginPage.fillResetPasswordEmail(unregisteredEmail);\nloginPage.clickResetPassword();\ncy.wait(2000);\nloginPage.verifyErrorMessage(\"Something went wrong. Please try again later.\");",
                  "err": {},
                  "uuid": "01a747cb-f49a-454f-b04d-07b30d7d8ba4",
                  "parentUUID": "e16a9ef1-ccc8-4fd1-bf4a-6d268fda3291",
                  "isHook": false,
                  "skipped": false
                },
                {
                  "title": "TC02014 - Tombol reset password disabled dan ada countdown",
                  "fullTitle": "TC02 - Login Page Evershop TC02 - Login TC02014 - Tombol reset password disabled dan ada countdown",
                  "timedOut": null,
                  "duration": 10517,
                  "state": "failed",
                  "speed": null,
                  "pass": false,
                  "fail": true,
                  "pending": false,
                  "context": null,
                  "code": "const {\n  validEmail\n} = loginData.resetPassword;\nloginPage.clickForgotPassword();\ncy.wait(1000);\nloginPage.fillResetPasswordEmail(validEmail);\nloginPage.clickResetPassword();\ncy.wait(1000);\nloginPage.fillResetPasswordEmail(validEmail);\nloginPage.clickResetPassword();\ncy.wait(1000);\ncy.contains(\"Please wait 1 minute before trying again\").should(\"be.visible\");\n// Expected: Tombol reset password dinonaktifkan\nloginPage.verifyResetPasswordButtonDisabled();\n// Expected: Ada penghitung mundur yang muncul\nloginPage.verifyCountdownExists();\nloginPage.verifyCountdownHasNumber();",
                  "err": {
                    "message": "AssertionError: Timed out retrying after 4000ms: Expected to find content: 'Please wait 1 minute before trying again' but never did.",
                    "estack": "AssertionError: Timed out retrying after 4000ms: Expected to find content: 'Please wait 1 minute before trying again' but never did.\n    at Context.eval (webpack:///./cypress/e2e/loginPage.cy.js:164:62)",
                    "diff": null
                  },
                  "uuid": "ceb1185e-bd9e-46a5-8aa3-99077a8a7f90",
                  "parentUUID": "e16a9ef1-ccc8-4fd1-bf4a-6d268fda3291",
                  "isHook": false,
                  "skipped": false
                }
              ],
              "suites": [],
              "passes": [
                "8e20f953-feb2-4c91-87d5-9a68cc4de26f",
                "404ead58-9124-4c33-9b5e-312950b18c0a",
                "681deef7-9bfe-4259-9f25-d1c5e981393e",
                "e15fd231-60ab-4821-a4ee-caee26fee207",
                "e99536b7-b31d-4d9b-b29d-dc71566085c9",
                "bcb19ab7-568d-42d1-b0b9-d83eac0bb076",
                "9e014a09-5a30-498b-933a-16abf5e4a421",
                "179fbbdd-88f3-4938-a830-2e8b6251095b",
                "dabff4d0-2c27-4ad6-b966-8348e9af0e93",
                "55166de1-b02a-4de6-8b7e-b83066000ac9",
                "0e475d0c-52c0-4430-b21a-9f9c51761010",
                "01a747cb-f49a-454f-b04d-07b30d7d8ba4"
              ],
              "failures": [
                "f40f1d6b-e266-44c0-8795-bd85fa9c96da",
                "ceb1185e-bd9e-46a5-8aa3-99077a8a7f90"
              ],
              "pending": [],
              "skipped": [],
              "duration": 75913,
              "root": false,
              "rootEmpty": false,
              "_timeout": 2000
            }
          ],
          "passes": [],
          "failures": [],
          "pending": [],
          "skipped": [],
          "duration": 0,
          "root": false,
          "rootEmpty": false,
          "_timeout": 2000
        }
      ],
      "passes": [],
      "failures": [],
      "pending": [],
      "skipped": [],
      "duration": 0,
      "root": true,
      "rootEmpty": true,
      "_timeout": 2000
    },
    {
      "uuid": "04120ded-4af9-41f6-bd99-c7a9f2726bf4",
      "title": "",
      "fullFile": "cypress\\e2e\\productPage.cy.js",
      "file": "cypress\\e2e\\productPage.cy.js",
      "beforeHooks": [],
      "afterHooks": [],
      "tests": [],
      "suites": [
        {
          "uuid": "464986b9-e093-407e-a502-1d929714a552",
          "title": "TC03 - Product Page Evershop",
          "fullFile": "",
          "file": "",
          "beforeHooks": [],
          "afterHooks": [],
          "tests": [
            {
              "title": "TC03014 - User menggunakan fitur pencarian dengan field kosong",
              "fullTitle": "TC03 - Product Page Evershop TC03014 - User menggunakan fitur pencarian dengan field kosong",
              "timedOut": null,
              "duration": 4748,
              "state": "passed",
              "speed": "fast",
              "pass": true,
              "fail": false,
              "pending": false,
              "context": null,
              "code": "// 1. Buka halaman home\nproductPage.visitHome();\nproductPage.verifyHomeUrl();\n// 2. Klik icon kaca pembesar di navbar\nproductPage.clickSearchIcon();\n// 3. Tekan enter tanpa mengetik kata kunci apa pun\nproductPage.submitSearch();\n// Expected: \ncy.wait(1000);\nproductPage.verifyHomeUrl();",
              "err": {},
              "uuid": "8bba36f8-1746-4bb4-b248-5242a8e3a267",
              "parentUUID": "464986b9-e093-407e-a502-1d929714a552",
              "isHook": false,
              "skipped": false
            }
          ],
          "suites": [],
          "passes": [
            "8bba36f8-1746-4bb4-b248-5242a8e3a267"
          ],
          "failures": [],
          "pending": [],
          "skipped": [],
          "duration": 4748,
          "root": false,
          "rootEmpty": false,
          "_timeout": 2000
        }
      ],
      "passes": [],
      "failures": [],
      "pending": [],
      "skipped": [],
      "duration": 0,
      "root": true,
      "rootEmpty": true,
      "_timeout": 2000
    },
    {
      "uuid": "4a66203c-49b0-4d77-9d89-119d47df47e3",
      "title": "",
      "fullFile": "cypress\\e2e\\registerPage.cy.js",
      "file": "cypress\\e2e\\registerPage.cy.js",
      "beforeHooks": [],
      "afterHooks": [],
      "tests": [],
      "suites": [
        {
          "uuid": "b8c33c52-2342-45cb-a54f-83f5daed07da",
          "title": "Page Object Model - Register Page",
          "fullFile": "",
          "file": "",
          "beforeHooks": [],
          "afterHooks": [],
          "tests": [],
          "suites": [
            {
              "uuid": "f1ec64c5-869d-437f-890a-767d1136bbfe",
              "title": "TC02 - Login",
              "fullFile": "",
              "file": "",
              "beforeHooks": [],
              "afterHooks": [],
              "tests": [
                {
                  "title": "TC01001 - User membuat akun dengan data valid",
                  "fullTitle": "Page Object Model - Register Page TC02 - Login TC01001 - User membuat akun dengan data valid",
                  "timedOut": null,
                  "duration": 4326,
                  "state": "passed",
                  "speed": "fast",
                  "pass": true,
                  "fail": false,
                  "pending": false,
                  "context": null,
                  "code": "// Generate random data setiap kali test berjalan\ncy.generateRandomUser().then(userData => {\n  const {\n    full_name,\n    email,\n    password\n  } = userData;\n  registerPage.register(full_name, email, password);\n  registerPage.verifyRegisterSuccess();\n});",
                  "err": {},
                  "uuid": "2cbf3971-d3f7-46b4-bfe2-9f7b66e5a668",
                  "parentUUID": "f1ec64c5-869d-437f-890a-767d1136bbfe",
                  "isHook": false,
                  "skipped": false
                },
                {
                  "title": "TC01002 - User membuat akun dengan email yang sudah terdaftar",
                  "fullTitle": "Page Object Model - Register Page TC02 - Login TC01002 - User membuat akun dengan email yang sudah terdaftar",
                  "timedOut": null,
                  "duration": 26185,
                  "state": "failed",
                  "speed": null,
                  "pass": false,
                  "fail": true,
                  "pending": false,
                  "context": null,
                  "code": "// LANGKAH 1: Register user pertama kali dengan email random\ncy.generateRandomUser().then(firstUser => {\n  const {\n    full_name,\n    email,\n    password\n  } = firstUser;\n  // Register user pertama kali (harus berhasil)\n  registerPage.register(full_name, email, password);\n  cy.wait(2000);\n  registerPage.verifyRegisterSuccess();\n  // LANGKAH 2: Logout dan kembali ke halaman register\n  cy.clearCookies();\n  cy.clearLocalStorage();\n  registerPage.visit();\n  registerPage.navigateToCreateAccount();\n  // LANGKAH 3: Coba register dengan NAMA, PASSWORD SAMA, email lowercase\n  const emailLowercase = email.toLowerCase();\n  registerPage.register(full_name, emailLowercase, password);\n  // Expected: Muncul pesan error\n  cy.wait(1000);\n  registerPage.verifyEmailAlreadyUsedError();\n  // LANGKAH 4: Kembali ke halaman register lagi\n  registerPage.visit();\n  registerPage.navigateToCreateAccount();\n  // LANGKAH 5: Coba register dengan NAMA, PASSWORD SAMA, email UPPERCASE\n  const emailUppercase = email.toUpperCase();\n  registerPage.register(full_name, emailUppercase, password);\n  // Expected: Muncul pesan error\n  cy.wait(1000); // Tunggu response\n  registerPage.verifyEmailAlreadyUsedError();\n});",
                  "err": {
                    "message": "AssertionError: Timed out retrying after 10000ms: Expected to find content: '/email.*is.*already.*used/i' but never did.",
                    "estack": "AssertionError: Timed out retrying after 10000ms: Expected to find content: '/email.*is.*already.*used/i' but never did.\n    at RegisterPage.verifyEmailAlreadyUsedError (webpack:///./cypress/support/POM/registerPage.js:141:65)\n    at Context.eval (webpack:///./cypress/e2e/registerPage.cy.js:69:21)\n    at getRet (https://demo.evershop.io/__cypress/runner/cypress_runner.js:122806:20)\n    at tryCatcher (https://demo.evershop.io/__cypress/runner/cypress_runner.js:1777:23)\n    at Promise.attempt.Promise.try (https://demo.evershop.io/__cypress/runner/cypress_runner.js:4285:29)\n    at Context.thenFn (https://demo.evershop.io/__cypress/runner/cypress_runner.js:122817:66)\n    at Context.then (https://demo.evershop.io/__cypress/runner/cypress_runner.js:123068:21)\n    at wrapped (https://demo.evershop.io/__cypress/runner/cypress_runner.js:146326:19)",
                    "diff": null
                  },
                  "uuid": "31870913-ff71-4368-8587-3ca87ed4c494",
                  "parentUUID": "f1ec64c5-869d-437f-890a-767d1136bbfe",
                  "isHook": false,
                  "skipped": false
                },
                {
                  "title": "TC01003 - User membuat akun dengan data yang tidak valid",
                  "fullTitle": "Page Object Model - Register Page TC02 - Login TC01003 - User membuat akun dengan data yang tidak valid",
                  "timedOut": null,
                  "duration": 7986,
                  "state": "failed",
                  "speed": null,
                  "pass": false,
                  "fail": true,
                  "pending": false,
                  "context": null,
                  "code": "// Generate random invalid data\ncy.generateInvalidUser().then(invalidData => {\n  const {\n    full_name,\n    email,\n    password\n  } = invalidData;\n  registerPage.fillFullName(full_name);\n  registerPage.fillEmail(email);\n  registerPage.fillPassword(password);\n  registerPage.register(full_name, email, password);\n  cy.contains(\"Name must only contain alphabetic characters\").should(\"be.visible\");\n  cy.contains(\"Please enter a valid email address\").should(\"be.visible\");\n  cy.contains(\"Password must be at least 6 characters long\").should(\"be.visible\");\n});\n//register dengan email yang mengandung angka dan simbol selain @ serta tanpa @\nconst {\n  emailWithNumbersAndSymbols\n} = registerData.invalidData;\nregisterPage.fillEmail(emailWithNumbersAndSymbols);\nregisterPage.clickSignUp();\ncy.wait(500);\ncy.contains(\"Please enter a valid email address\").should(\"be.visible\");\n//register dengan password yang terlalu panjang\nconst {\n  longPassword\n} = registerData.invalidData;\nregisterPage.fillPassword(longPassword);\nregisterPage.clickSignUp();\ncy.wait(500);\ncy.contains(\"Password is too long (maximum 30 characters)\").should(\"be.visible\");",
                  "err": {
                    "message": "AssertionError: Timed out retrying after 4000ms: Expected to find content: 'Name must only contain alphabetic characters' but never did.",
                    "estack": "AssertionError: Timed out retrying after 4000ms: Expected to find content: 'Name must only contain alphabetic characters' but never did.\n    at Context.eval (webpack:///./cypress/e2e/registerPage.cy.js:84:68)\n    at getRet (https://demo.evershop.io/__cypress/runner/cypress_runner.js:122806:20)\n    at tryCatcher (https://demo.evershop.io/__cypress/runner/cypress_runner.js:1777:23)\n    at Promise.attempt.Promise.try (https://demo.evershop.io/__cypress/runner/cypress_runner.js:4285:29)\n    at Context.thenFn (https://demo.evershop.io/__cypress/runner/cypress_runner.js:122817:66)\n    at Context.then (https://demo.evershop.io/__cypress/runner/cypress_runner.js:123068:21)\n    at wrapped (https://demo.evershop.io/__cypress/runner/cypress_runner.js:146326:19)",
                    "diff": null
                  },
                  "uuid": "65d8fa19-da33-4411-949e-ba744f6a1a85",
                  "parentUUID": "f1ec64c5-869d-437f-890a-767d1136bbfe",
                  "isHook": false,
                  "skipped": false
                },
                {
                  "title": "TC01004 - User tidak mengisi data, semua field create account kosong",
                  "fullTitle": "Page Object Model - Register Page TC02 - Login TC01004 - User tidak mengisi data, semua field create account kosong",
                  "timedOut": null,
                  "duration": 1762,
                  "state": "passed",
                  "speed": "fast",
                  "pass": true,
                  "fail": false,
                  "pending": false,
                  "context": null,
                  "code": "registerPage.clickSignUp();\nregisterPage.verifyFullNameRequiredError();\nregisterPage.verifyEmailRequiredError();\nregisterPage.verifyPasswordRequiredError();",
                  "err": {},
                  "uuid": "0edb61f9-16d7-4f8c-b76f-9f500a601976",
                  "parentUUID": "f1ec64c5-869d-437f-890a-767d1136bbfe",
                  "isHook": false,
                  "skipped": false
                },
                {
                  "title": "TC01005 - Fitur Show Password",
                  "fullTitle": "Page Object Model - Register Page TC02 - Login TC01005 - Fitur Show Password",
                  "timedOut": null,
                  "duration": 3411,
                  "state": "passed",
                  "speed": "fast",
                  "pass": true,
                  "fail": false,
                  "pending": false,
                  "context": null,
                  "code": "// Generate random data untuk test show password\ncy.generateRandomUser().then(userData => {\n  const {\n    full_name,\n    email,\n    password\n  } = userData;\n  registerPage.fillFullName(full_name);\n  registerPage.fillEmail(email);\n  registerPage.fillPassword(password);\n  registerPage.verifyPasswordIsHidden();\n  registerPage.clickShowPassword();\n  registerPage.verifyPasswordIsVisible();\n});",
                  "err": {},
                  "uuid": "266d3296-7cda-46d2-8859-d2625c1dd9c0",
                  "parentUUID": "f1ec64c5-869d-437f-890a-767d1136bbfe",
                  "isHook": false,
                  "skipped": false
                },
                {
                  "title": "TC01006 - User klik tulisan login disamping already have an account",
                  "fullTitle": "Page Object Model - Register Page TC02 - Login TC01006 - User klik tulisan login disamping already have an account",
                  "timedOut": null,
                  "duration": 2194,
                  "state": "passed",
                  "speed": "fast",
                  "pass": true,
                  "fail": false,
                  "pending": false,
                  "context": null,
                  "code": "registerPage.clickLoginLink();\nregisterPage.verifyNavigateToLoginPage();",
                  "err": {},
                  "uuid": "d833f373-5851-4653-af82-6b0b179f8b69",
                  "parentUUID": "f1ec64c5-869d-437f-890a-767d1136bbfe",
                  "isHook": false,
                  "skipped": false
                }
              ],
              "suites": [],
              "passes": [
                "2cbf3971-d3f7-46b4-bfe2-9f7b66e5a668",
                "0edb61f9-16d7-4f8c-b76f-9f500a601976",
                "266d3296-7cda-46d2-8859-d2625c1dd9c0",
                "d833f373-5851-4653-af82-6b0b179f8b69"
              ],
              "failures": [
                "31870913-ff71-4368-8587-3ca87ed4c494",
                "65d8fa19-da33-4411-949e-ba744f6a1a85"
              ],
              "pending": [],
              "skipped": [],
              "duration": 45864,
              "root": false,
              "rootEmpty": false,
              "_timeout": 2000
            }
          ],
          "passes": [],
          "failures": [],
          "pending": [],
          "skipped": [],
          "duration": 0,
          "root": false,
          "rootEmpty": false,
          "_timeout": 2000
        }
      ],
      "passes": [],
      "failures": [],
      "pending": [],
      "skipped": [],
      "duration": 0,
      "root": true,
      "rootEmpty": true,
      "_timeout": 2000
    },
    {
      "uuid": "0901e5a5-d936-4020-986c-29847d03901a",
      "title": "",
      "fullFile": "cypress\\e2e\\aboutPage.cy.js",
      "file": "cypress\\e2e\\aboutPage.cy.js",
      "beforeHooks": [],
      "afterHooks": [],
      "tests": [],
      "suites": [
        {
          "uuid": "8321bf06-692b-40e9-b176-3d35dd5b14c1",
          "title": "TC06 - About Page",
          "fullFile": "",
          "file": "",
          "beforeHooks": [],
          "afterHooks": [],
          "tests": [
            {
              "title": "TC06001 - User klik about us di navbar",
              "fullTitle": "TC06 - About Page TC06001 - User klik about us di navbar",
              "timedOut": null,
              "duration": 8103,
              "state": "passed",
              "speed": "medium",
              "pass": true,
              "fail": false,
              "pending": false,
              "context": null,
              "code": "// 1. Buka halaman home\naboutPage.visit();\naboutPage.verifyOnHomePage();\n// 2. Klik about us di navbar\naboutPage.clickAboutUs();\n// Expected: User diarahkan ke halaman about us\ncy.wait(1000);\naboutPage.verifyOnAboutUsPage();\naboutPage.verifyAboutUsPageLoaded();\naboutPage.verifyBreadcrumbVisible();\n// 3. Klik home di breadcrumb pada halaman about us\naboutPage.clickBreadcrumbHome();\n// Expected: User diarahkan ke halaman home\ncy.wait(1000);\naboutPage.verifyOnHomePage();",
              "err": {},
              "uuid": "3da6680c-3edf-40fe-bbcb-df78667d23ce",
              "parentUUID": "8321bf06-692b-40e9-b176-3d35dd5b14c1",
              "isHook": false,
              "skipped": false
            },
            {
              "title": "TC06002 - User klik icon evershop",
              "fullTitle": "TC06 - About Page TC06002 - User klik icon evershop",
              "timedOut": null,
              "duration": 1689,
              "state": "passed",
              "speed": "fast",
              "pass": true,
              "fail": false,
              "pending": false,
              "context": null,
              "code": "// 1. Buka halaman home\naboutPage.visit();\naboutPage.verifyOnHomePage();\n// 2. Klik about us di navbar\naboutPage.clickAboutUs();\n// Expected: User diarahkan ke halaman about us\naboutPage.verifyOnAboutUsPage();\naboutPage.verifyAboutUsPageLoaded();\n// 3. Klik ikon evershop di tengah navbar\naboutPage.clickEvershopLogo();\n// Expected: User diarahkan ke halaman home\naboutPage.verifyOnHomePage();",
              "err": {},
              "uuid": "efcbb25d-ebc2-478b-bce2-ae6a9eaf6469",
              "parentUUID": "8321bf06-692b-40e9-b176-3d35dd5b14c1",
              "isHook": false,
              "skipped": false
            }
          ],
          "suites": [],
          "passes": [
            "3da6680c-3edf-40fe-bbcb-df78667d23ce",
            "efcbb25d-ebc2-478b-bce2-ae6a9eaf6469"
          ],
          "failures": [],
          "pending": [],
          "skipped": [],
          "duration": 9792,
          "root": false,
          "rootEmpty": false,
          "_timeout": 2000
        }
      ],
      "passes": [],
      "failures": [],
      "pending": [],
      "skipped": [],
      "duration": 0,
      "root": true,
      "rootEmpty": true,
      "_timeout": 2000
    }
  ],
  "meta": {
    "mocha": {
      "version": "7.2.0"
    },
    "mochawesome": {
      "options": {
        "quiet": false,
        "reportFilename": "mochawesome",
        "saveHtml": true,
        "saveJson": true,
        "consoleReporter": "spec",
        "useInlineDiffs": false,
        "code": true
      },
      "version": "7.1.4"
    },
    "marge": {
      "options": {
        "reportDir": "cypress/results",
        "overwrite": false,
        "html": true,
        "json": true
      },
      "version": "6.3.2"
    }
  }
}