{
  "stats": {
    "suites": 2,
    "tests": 14,
    "passes": 12,
    "pending": 0,
    "failures": 2,
    "start": "2026-03-08T19:22:30.180Z",
    "end": "2026-03-08T19:23:49.954Z",
    "duration": 79774,
    "testsRegistered": 14,
    "passPercent": 85.71428571428571,
    "pendingPercent": 0,
    "other": 0,
    "hasOther": false,
    "skipped": 0,
    "hasSkipped": false
  },
  "results": [
    {
      "uuid": "151f6927-6638-47c1-95fa-d7f367a6c811",
      "title": "",
      "fullFile": "cypress\\e2e\\loginPage.cy.js",
      "file": "cypress\\e2e\\loginPage.cy.js",
      "beforeHooks": [],
      "afterHooks": [],
      "tests": [],
      "suites": [
        {
          "uuid": "dc149756-2ff5-4d20-84e6-1cf82c4aab49",
          "title": "TC02 - Login Page Evershop",
          "fullFile": "",
          "file": "",
          "beforeHooks": [],
          "afterHooks": [],
          "tests": [],
          "suites": [
            {
              "uuid": "e16a9ef1-ccc8-4fd1-bf4a-6d268fda3291",
              "title": "TC02 - Login",
              "fullFile": "",
              "file": "",
              "beforeHooks": [],
              "afterHooks": [],
              "tests": [
                {
                  "title": "TC02001 - Login berhasil dengan email huruf kecil",
                  "fullTitle": "TC02 - Login Page Evershop TC02 - Login TC02001 - Login berhasil dengan email huruf kecil",
                  "timedOut": null,
                  "duration": 7961,
                  "state": "passed",
                  "speed": "medium",
                  "pass": true,
                  "fail": false,
                  "pending": false,
                  "context": null,
                  "code": "const {\n  email,\n  password\n} = loginData.validLogin;\nloginPage.login(email, password);\ncy.wait(2000);\nloginPage.verifyLoginSuccess();",
                  "err": {},
                  "uuid": "8e20f953-feb2-4c91-87d5-9a68cc4de26f",
                  "parentUUID": "e16a9ef1-ccc8-4fd1-bf4a-6d268fda3291",
                  "isHook": false,
                  "skipped": false
                },
                {
                  "title": "TC02002 - Login berhasil dengan email huruf besar",
                  "fullTitle": "TC02 - Login Page Evershop TC02 - Login TC02002 - Login berhasil dengan email huruf besar",
                  "timedOut": null,
                  "duration": 6491,
                  "state": "passed",
                  "speed": "medium",
                  "pass": true,
                  "fail": false,
                  "pending": false,
                  "context": null,
                  "code": "const {\n  emailUppercase,\n  password\n} = loginData.validLogin;\nloginPage.login(emailUppercase, password);\ncy.wait(2000);\nloginPage.verifyLoginSuccess();",
                  "err": {},
                  "uuid": "404ead58-9124-4c33-9b5e-312950b18c0a",
                  "parentUUID": "e16a9ef1-ccc8-4fd1-bf4a-6d268fda3291",
                  "isHook": false,
                  "skipped": false
                },
                {
                  "title": "TC02003 - Login gagal dengan email tidak terdaftar",
                  "fullTitle": "TC02 - Login Page Evershop TC02 - Login TC02003 - Login gagal dengan email tidak terdaftar",
                  "timedOut": null,
                  "duration": 3435,
                  "state": "passed",
                  "speed": "fast",
                  "pass": true,
                  "fail": false,
                  "pending": false,
                  "context": null,
                  "code": "const {\n  unregisteredEmail\n} = loginData.invalidLogin;\nconst {\n  password\n} = loginData.validLogin;\nloginPage.login(unregisteredEmail, password);\ncy.wait(1000);\nloginPage.verifyErrorMessage(\"Invalid email or password\");",
                  "err": {},
                  "uuid": "681deef7-9bfe-4259-9f25-d1c5e981393e",
                  "parentUUID": "e16a9ef1-ccc8-4fd1-bf4a-6d268fda3291",
                  "isHook": false,
                  "skipped": false
                },
                {
                  "title": "TC02004 - Login gagal dengan password salah",
                  "fullTitle": "TC02 - Login Page Evershop TC02 - Login TC02004 - Login gagal dengan password salah",
                  "timedOut": null,
                  "duration": 3369,
                  "state": "passed",
                  "speed": "fast",
                  "pass": true,
                  "fail": false,
                  "pending": false,
                  "context": null,
                  "code": "const {\n  email\n} = loginData.validLogin;\nconst {\n  wrongPassword\n} = loginData.invalidLogin;\nloginPage.fillEmail(email);\nloginPage.fillPassword(wrongPassword);\nloginPage.clickSignIn();\ncy.wait(1000);\nloginPage.verifyErrorMessage(\"Invalid email or password\");",
                  "err": {},
                  "uuid": "e15fd231-60ab-4821-a4ee-caee26fee207",
                  "parentUUID": "e16a9ef1-ccc8-4fd1-bf4a-6d268fda3291",
                  "isHook": false,
                  "skipped": false
                },
                {
                  "title": "TC02005 - Login gagal dengan email mengandung angka dan simbol selain @ serta tanpa @",
                  "fullTitle": "TC02 - Login Page Evershop TC02 - Login TC02005 - Login gagal dengan email mengandung angka dan simbol selain @ serta tanpa @",
                  "timedOut": null,
                  "duration": 12251,
                  "state": "passed",
                  "speed": "slow",
                  "pass": true,
                  "fail": false,
                  "pending": false,
                  "context": null,
                  "code": "const {\n  emailWithNumbersAndSymbols\n} = loginData.invalidLogin;\nconst {\n  longPassword\n} = loginData.invalidLogin;\nconst {\n  emailWithoutAt\n} = loginData.invalidLogin;\nloginPage.login(emailWithNumbersAndSymbols, longPassword);\ncy.wait(1000);\nloginPage.verifyErrorMessage(\"Invalid email or password\");\nloginPage.login(emailWithoutAt, longPassword);\ncy.wait(1000);\nloginPage.verifyErrorMessage(\"Invalid email or password\");",
                  "err": {},
                  "uuid": "e99536b7-b31d-4d9b-b29d-dc71566085c9",
                  "parentUUID": "e16a9ef1-ccc8-4fd1-bf4a-6d268fda3291",
                  "isHook": false,
                  "skipped": false
                },
                {
                  "title": "TC02006 - Validasi muncul saat field kosong",
                  "fullTitle": "TC02 - Login Page Evershop TC02 - Login TC02006 - Validasi muncul saat field kosong",
                  "timedOut": null,
                  "duration": 2475,
                  "state": "passed",
                  "speed": "fast",
                  "pass": true,
                  "fail": false,
                  "pending": false,
                  "context": null,
                  "code": "const {\n  emptyEmail,\n  emptyPassword\n} = loginData.invalidLogin;\nloginPage.login(emptyEmail, emptyPassword);\ncy.wait(500);\ncy.contains(\"Email is required\").should(\"be.visible\");\ncy.contains(\"Password is required\").should(\"be.visible\");\ncy.url().should(\"include\", \"/account/login\");",
                  "err": {},
                  "uuid": "bcb19ab7-568d-42d1-b0b9-d83eac0bb076",
                  "parentUUID": "e16a9ef1-ccc8-4fd1-bf4a-6d268fda3291",
                  "isHook": false,
                  "skipped": false
                },
                {
                  "title": "TC02007 - Password toggle berfungsi",
                  "fullTitle": "TC02 - Login Page Evershop TC02 - Login TC02007 - Password toggle berfungsi",
                  "timedOut": null,
                  "duration": 2783,
                  "state": "passed",
                  "speed": "fast",
                  "pass": true,
                  "fail": false,
                  "pending": false,
                  "context": null,
                  "code": "const {\n  email,\n  password\n} = loginData.validLogin;\nloginPage.fillEmail(email);\nloginPage.fillPassword(password);\nloginPage.verifyPasswordHidden();\nloginPage.clickShowPassword();\ncy.wait(500);\nloginPage.verifyPasswordVisible();",
                  "err": {},
                  "uuid": "9e014a09-5a30-498b-933a-16abf5e4a421",
                  "parentUUID": "e16a9ef1-ccc8-4fd1-bf4a-6d268fda3291",
                  "isHook": false,
                  "skipped": false
                },
                {
                  "title": "TC02008 - Klik Create an account mengarah ke halaman register",
                  "fullTitle": "TC02 - Login Page Evershop TC02 - Login TC02008 - Klik Create an account mengarah ke halaman register",
                  "timedOut": null,
                  "duration": 3219,
                  "state": "passed",
                  "speed": "fast",
                  "pass": true,
                  "fail": false,
                  "pending": false,
                  "context": null,
                  "code": "loginPage.clickCreateAccount();\ncy.wait(1000);\nloginPage.verifyOnRegisterPage();",
                  "err": {},
                  "uuid": "179fbbdd-88f3-4938-a830-2e8b6251095b",
                  "parentUUID": "e16a9ef1-ccc8-4fd1-bf4a-6d268fda3291",
                  "isHook": false,
                  "skipped": false
                },
                {
                  "title": "TC02009 - Klik Forgot Password mengarah ke halaman reset",
                  "fullTitle": "TC02 - Login Page Evershop TC02 - Login TC02009 - Klik Forgot Password mengarah ke halaman reset",
                  "timedOut": null,
                  "duration": 3289,
                  "state": "passed",
                  "speed": "fast",
                  "pass": true,
                  "fail": false,
                  "pending": false,
                  "context": null,
                  "code": "loginPage.clickForgotPassword();\ncy.wait(1000);\nloginPage.verifyOnForgotPasswordPage();",
                  "err": {},
                  "uuid": "dabff4d0-2c27-4ad6-b966-8348e9af0e93",
                  "parentUUID": "e16a9ef1-ccc8-4fd1-bf4a-6d268fda3291",
                  "isHook": false,
                  "skipped": false
                },
                {
                  "title": "TC02010 - Reset password berhasil dengan email terdaftar",
                  "fullTitle": "TC02 - Login Page Evershop TC02 - Login TC02010 - Reset password berhasil dengan email terdaftar",
                  "timedOut": null,
                  "duration": 9696,
                  "state": "failed",
                  "speed": null,
                  "pass": false,
                  "fail": true,
                  "pending": false,
                  "context": null,
                  "code": "const {\n  validEmail\n} = loginData.resetPassword;\nloginPage.clickForgotPassword();\ncy.wait(1000);\nloginPage.fillResetPasswordEmail(validEmail);\nloginPage.clickResetPassword();\ncy.wait(2000);\nloginPage.verifyErrorMessage(\"Password reset link sent to your email\");",
                  "err": {
                    "message": "AssertionError: Timed out retrying after 4000ms: expected '<div#tx07hh8raw.Toastify__toast.Toastify__toast--error>' to contain 'Password reset link sent to your email'",
                    "estack": "AssertionError: Timed out retrying after 4000ms: expected '<div#tx07hh8raw.Toastify__toast.Toastify__toast--error>' to contain 'Password reset link sent to your email'\n    at LoginPage.verifyErrorMessage (webpack:///./cypress/support/POM/loginPage.js:139:22)\n    at Context.eval (webpack:///./cypress/e2e/loginPage.cy.js:120:16)",
                    "diff": null
                  },
                  "uuid": "f40f1d6b-e266-44c0-8795-bd85fa9c96da",
                  "parentUUID": "e16a9ef1-ccc8-4fd1-bf4a-6d268fda3291",
                  "isHook": false,
                  "skipped": false
                },
                {
                  "title": "TC02011 - Reset password dengan field email kosong",
                  "fullTitle": "TC02 - Login Page Evershop TC02 - Login TC02011 - Reset password dengan field email kosong",
                  "timedOut": null,
                  "duration": 2965,
                  "state": "passed",
                  "speed": "fast",
                  "pass": true,
                  "fail": false,
                  "pending": false,
                  "context": null,
                  "code": "loginPage.clickForgotPassword();\nloginPage.fillResetPasswordEmail(\"\");\nloginPage.clickResetPassword();\ncy.wait(500);\ncy.contains(\"Email is required\").should(\"be.visible\");",
                  "err": {},
                  "uuid": "55166de1-b02a-4de6-8b7e-b83066000ac9",
                  "parentUUID": "e16a9ef1-ccc8-4fd1-bf4a-6d268fda3291",
                  "isHook": false,
                  "skipped": false
                },
                {
                  "title": "TC02012 - Reset password dengan email tanpa @",
                  "fullTitle": "TC02 - Login Page Evershop TC02 - Login TC02012 - Reset password dengan email tanpa @",
                  "timedOut": null,
                  "duration": 2988,
                  "state": "passed",
                  "speed": "fast",
                  "pass": true,
                  "fail": false,
                  "pending": false,
                  "context": null,
                  "code": "const {\n  invalidEmail\n} = loginData.resetPassword;\nloginPage.clickForgotPassword();\nloginPage.fillResetPasswordEmail(invalidEmail);\nloginPage.clickResetPassword();\ncy.wait(500);\ncy.contains(\"Please enter a valid email address\").should(\"be.visible\");",
                  "err": {},
                  "uuid": "0e475d0c-52c0-4430-b21a-9f9c51761010",
                  "parentUUID": "e16a9ef1-ccc8-4fd1-bf4a-6d268fda3291",
                  "isHook": false,
                  "skipped": false
                },
                {
                  "title": "TC02013 - Reset password dengan email tidak terdaftar",
                  "fullTitle": "TC02 - Login Page Evershop TC02 - Login TC02013 - Reset password dengan email tidak terdaftar",
                  "timedOut": null,
                  "duration": 4474,
                  "state": "passed",
                  "speed": "fast",
                  "pass": true,
                  "fail": false,
                  "pending": false,
                  "context": null,
                  "code": "const {\n  unregisteredEmail\n} = loginData.resetPassword;\nloginPage.clickForgotPassword();\nloginPage.fillResetPasswordEmail(unregisteredEmail);\nloginPage.clickResetPassword();\ncy.wait(2000);\nloginPage.verifyErrorMessage(\"Something went wrong. Please try again later.\");",
                  "err": {},
                  "uuid": "01a747cb-f49a-454f-b04d-07b30d7d8ba4",
                  "parentUUID": "e16a9ef1-ccc8-4fd1-bf4a-6d268fda3291",
                  "isHook": false,
                  "skipped": false
                },
                {
                  "title": "TC02014 - Tombol reset password disabled dan ada countdown",
                  "fullTitle": "TC02 - Login Page Evershop TC02 - Login TC02014 - Tombol reset password disabled dan ada countdown",
                  "timedOut": null,
                  "duration": 10517,
                  "state": "failed",
                  "speed": null,
                  "pass": false,
                  "fail": true,
                  "pending": false,
                  "context": null,
                  "code": "const {\n  validEmail\n} = loginData.resetPassword;\nloginPage.clickForgotPassword();\ncy.wait(1000);\nloginPage.fillResetPasswordEmail(validEmail);\nloginPage.clickResetPassword();\ncy.wait(1000);\nloginPage.fillResetPasswordEmail(validEmail);\nloginPage.clickResetPassword();\ncy.wait(1000);\ncy.contains(\"Please wait 1 minute before trying again\").should(\"be.visible\");\n// Expected: Tombol reset password dinonaktifkan\nloginPage.verifyResetPasswordButtonDisabled();\n// Expected: Ada penghitung mundur yang muncul\nloginPage.verifyCountdownExists();\nloginPage.verifyCountdownHasNumber();",
                  "err": {
                    "message": "AssertionError: Timed out retrying after 4000ms: Expected to find content: 'Please wait 1 minute before trying again' but never did.",
                    "estack": "AssertionError: Timed out retrying after 4000ms: Expected to find content: 'Please wait 1 minute before trying again' but never did.\n    at Context.eval (webpack:///./cypress/e2e/loginPage.cy.js:164:62)",
                    "diff": null
                  },
                  "uuid": "ceb1185e-bd9e-46a5-8aa3-99077a8a7f90",
                  "parentUUID": "e16a9ef1-ccc8-4fd1-bf4a-6d268fda3291",
                  "isHook": false,
                  "skipped": false
                }
              ],
              "suites": [],
              "passes": [
                "8e20f953-feb2-4c91-87d5-9a68cc4de26f",
                "404ead58-9124-4c33-9b5e-312950b18c0a",
                "681deef7-9bfe-4259-9f25-d1c5e981393e",
                "e15fd231-60ab-4821-a4ee-caee26fee207",
                "e99536b7-b31d-4d9b-b29d-dc71566085c9",
                "bcb19ab7-568d-42d1-b0b9-d83eac0bb076",
                "9e014a09-5a30-498b-933a-16abf5e4a421",
                "179fbbdd-88f3-4938-a830-2e8b6251095b",
                "dabff4d0-2c27-4ad6-b966-8348e9af0e93",
                "55166de1-b02a-4de6-8b7e-b83066000ac9",
                "0e475d0c-52c0-4430-b21a-9f9c51761010",
                "01a747cb-f49a-454f-b04d-07b30d7d8ba4"
              ],
              "failures": [
                "f40f1d6b-e266-44c0-8795-bd85fa9c96da",
                "ceb1185e-bd9e-46a5-8aa3-99077a8a7f90"
              ],
              "pending": [],
              "skipped": [],
              "duration": 75913,
              "root": false,
              "rootEmpty": false,
              "_timeout": 2000
            }
          ],
          "passes": [],
          "failures": [],
          "pending": [],
          "skipped": [],
          "duration": 0,
          "root": false,
          "rootEmpty": false,
          "_timeout": 2000
        }
      ],
      "passes": [],
      "failures": [],
      "pending": [],
      "skipped": [],
      "duration": 0,
      "root": true,
      "rootEmpty": true,
      "_timeout": 2000
    }
  ],
  "meta": {
    "mocha": {
      "version": "7.2.0"
    },
    "mochawesome": {
      "options": {
        "quiet": false,
        "reportFilename": "mochawesome",
        "saveHtml": true,
        "saveJson": true,
        "consoleReporter": "spec",
        "useInlineDiffs": false,
        "code": true
      },
      "version": "7.1.4"
    },
    "marge": {
      "options": {
        "reportDir": "cypress/results",
        "overwrite": false,
        "html": true,
        "json": true
      },
      "version": "6.3.2"
    }
  }
}