{
  "stats": {
    "suites": 1,
    "tests": 2,
    "passes": 2,
    "pending": 0,
    "failures": 0,
    "start": "2026-03-08T19:18:39.840Z",
    "end": "2026-03-08T19:18:54.400Z",
    "duration": 14560,
    "testsRegistered": 2,
    "passPercent": 100,
    "pendingPercent": 0,
    "other": 0,
    "hasOther": false,
    "skipped": 0,
    "hasSkipped": false
  },
  "results": [
    {
      "uuid": "0901e5a5-d936-4020-986c-29847d03901a",
      "title": "",
      "fullFile": "cypress\\e2e\\aboutPage.cy.js",
      "file": "cypress\\e2e\\aboutPage.cy.js",
      "beforeHooks": [],
      "afterHooks": [],
      "tests": [],
      "suites": [
        {
          "uuid": "8321bf06-692b-40e9-b176-3d35dd5b14c1",
          "title": "TC06 - About Page",
          "fullFile": "",
          "file": "",
          "beforeHooks": [],
          "afterHooks": [],
          "tests": [
            {
              "title": "TC06001 - User klik about us di navbar",
              "fullTitle": "TC06 - About Page TC06001 - User klik about us di navbar",
              "timedOut": null,
              "duration": 8103,
              "state": "passed",
              "speed": "medium",
              "pass": true,
              "fail": false,
              "pending": false,
              "context": null,
              "code": "// 1. Buka halaman home\naboutPage.visit();\naboutPage.verifyOnHomePage();\n// 2. Klik about us di navbar\naboutPage.clickAboutUs();\n// Expected: User diarahkan ke halaman about us\ncy.wait(1000);\naboutPage.verifyOnAboutUsPage();\naboutPage.verifyAboutUsPageLoaded();\naboutPage.verifyBreadcrumbVisible();\n// 3. Klik home di breadcrumb pada halaman about us\naboutPage.clickBreadcrumbHome();\n// Expected: User diarahkan ke halaman home\ncy.wait(1000);\naboutPage.verifyOnHomePage();",
              "err": {},
              "uuid": "3da6680c-3edf-40fe-bbcb-df78667d23ce",
              "parentUUID": "8321bf06-692b-40e9-b176-3d35dd5b14c1",
              "isHook": false,
              "skipped": false
            },
            {
              "title": "TC06002 - User klik icon evershop",
              "fullTitle": "TC06 - About Page TC06002 - User klik icon evershop",
              "timedOut": null,
              "duration": 1689,
              "state": "passed",
              "speed": "fast",
              "pass": true,
              "fail": false,
              "pending": false,
              "context": null,
              "code": "// 1. Buka halaman home\naboutPage.visit();\naboutPage.verifyOnHomePage();\n// 2. Klik about us di navbar\naboutPage.clickAboutUs();\n// Expected: User diarahkan ke halaman about us\naboutPage.verifyOnAboutUsPage();\naboutPage.verifyAboutUsPageLoaded();\n// 3. Klik ikon evershop di tengah navbar\naboutPage.clickEvershopLogo();\n// Expected: User diarahkan ke halaman home\naboutPage.verifyOnHomePage();",
              "err": {},
              "uuid": "efcbb25d-ebc2-478b-bce2-ae6a9eaf6469",
              "parentUUID": "8321bf06-692b-40e9-b176-3d35dd5b14c1",
              "isHook": false,
              "skipped": false
            }
          ],
          "suites": [],
          "passes": [
            "3da6680c-3edf-40fe-bbcb-df78667d23ce",
            "efcbb25d-ebc2-478b-bce2-ae6a9eaf6469"
          ],
          "failures": [],
          "pending": [],
          "skipped": [],
          "duration": 9792,
          "root": false,
          "rootEmpty": false,
          "_timeout": 2000
        }
      ],
      "passes": [],
      "failures": [],
      "pending": [],
      "skipped": [],
      "duration": 0,
      "root": true,
      "rootEmpty": true,
      "_timeout": 2000
    }
  ],
  "meta": {
    "mocha": {
      "version": "7.2.0"
    },
    "mochawesome": {
      "options": {
        "quiet": false,
        "reportFilename": "mochawesome",
        "saveHtml": true,
        "saveJson": true,
        "consoleReporter": "spec",
        "useInlineDiffs": false,
        "code": true
      },
      "version": "7.1.4"
    },
    "marge": {
      "options": {
        "reportDir": "cypress/results",
        "overwrite": false,
        "html": true,
        "json": true
      },
      "version": "6.3.2"
    }
  }
}