{
  "stats": {
    "suites": 1,
    "tests": 1,
    "passes": 1,
    "pending": 0,
    "failures": 0,
    "start": "2026-03-08T19:18:57.671Z",
    "end": "2026-03-08T19:19:18.600Z",
    "duration": 20929,
    "testsRegistered": 1,
    "passPercent": 100,
    "pendingPercent": 0,
    "other": 0,
    "hasOther": false,
    "skipped": 0,
    "hasSkipped": false
  },
  "results": [
    {
      "uuid": "2d673265-da2e-454a-94b1-888b73dcb8b1",
      "title": "",
      "fullFile": "cypress\\e2e\\accountPage.cy.js",
      "file": "cypress\\e2e\\accountPage.cy.js",
      "beforeHooks": [],
      "afterHooks": [],
      "tests": [],
      "suites": [
        {
          "uuid": "d0d069bd-a0e7-46af-97bb-65f290a2f626",
          "title": "TC07 - Account Page Evershop",
          "fullFile": "",
          "file": "",
          "beforeHooks": [],
          "afterHooks": [],
          "tests": [
            {
              "title": "TC07008 - User logout account",
              "fullTitle": "TC07 - Account Page Evershop TC07008 - User logout account",
              "timedOut": null,
              "duration": 17852,
              "state": "passed",
              "speed": "slow",
              "pass": true,
              "fail": false,
              "pending": false,
              "context": null,
              "code": "// Step 1: Klik logout\naccountPage.clickLogout();\ncy.wait(2000);\n// Expected: Account terlogout dan user diarahkan ke halaman home\naccountPage.verifyHomePageUrl();",
              "err": {},
              "uuid": "24bdd20e-ca3e-4f76-985b-5cea969b5b9b",
              "parentUUID": "d0d069bd-a0e7-46af-97bb-65f290a2f626",
              "isHook": false,
              "skipped": false
            }
          ],
          "suites": [],
          "passes": [
            "24bdd20e-ca3e-4f76-985b-5cea969b5b9b"
          ],
          "failures": [],
          "pending": [],
          "skipped": [],
          "duration": 17852,
          "root": false,
          "rootEmpty": false,
          "_timeout": 2000
        }
      ],
      "passes": [],
      "failures": [],
      "pending": [],
      "skipped": [],
      "duration": 0,
      "root": true,
      "rootEmpty": true,
      "_timeout": 2000
    }
  ],
  "meta": {
    "mocha": {
      "version": "7.2.0"
    },
    "mochawesome": {
      "options": {
        "quiet": false,
        "reportFilename": "mochawesome",
        "saveHtml": true,
        "saveJson": true,
        "consoleReporter": "spec",
        "useInlineDiffs": false,
        "code": true
      },
      "version": "7.1.4"
    },
    "marge": {
      "options": {
        "reportDir": "cypress/results",
        "overwrite": false,
        "html": true,
        "json": true
      },
      "version": "6.3.2"
    }
  }
}