{
  "stats": {
    "suites": 1,
    "tests": 1,
    "passes": 0,
    "pending": 0,
    "failures": 1,
    "start": "2026-03-08T19:21:07.928Z",
    "end": "2026-03-08T19:22:26.810Z",
    "duration": 78882,
    "testsRegistered": 1,
    "passPercent": 0,
    "pendingPercent": 0,
    "other": 0,
    "hasOther": false,
    "skipped": 0,
    "hasSkipped": false
  },
  "results": [
    {
      "uuid": "1e48da57-378d-4539-a833-b62bce762bab",
      "title": "",
      "fullFile": "cypress\\e2e\\checkoutPageWithoutLogin.cy.js",
      "file": "cypress\\e2e\\checkoutPageWithoutLogin.cy.js",
      "beforeHooks": [],
      "afterHooks": [],
      "tests": [],
      "suites": [
        {
          "uuid": "f2cfd88c-7545-43d6-a950-d69e031a9751",
          "title": "TC05 - Checkout tanpa Login",
          "fullFile": "",
          "file": "",
          "beforeHooks": [],
          "afterHooks": [],
          "tests": [
            {
              "title": "TC05005 - Checkout dengan mengisi semua field mandatory dengan teks panjang dan tidak valid (256 karakter)",
              "fullTitle": "TC05 - Checkout tanpa Login TC05005 - Checkout dengan mengisi semua field mandatory dengan teks panjang dan tidak valid (256 karakter)",
              "timedOut": null,
              "duration": 75586,
              "state": "failed",
              "speed": null,
              "pass": false,
              "fail": true,
              "pending": false,
              "context": null,
              "code": "const {\n  email,\n  invalidLongTextShippingAddress,\n  invalidLongTextBillingAddress,\n  product,\n  expectedMessages\n} = checkoutData;\n// Precondition: Product sudah ditambahkan ke cart\ncheckoutPage.addProductToCart(product.quantity.single, product.name, product.color);\ncheckoutPage.verifyOnCheckoutPage();\n// 1. Isi email\ncheckoutPage.fillEmail(email.valid);\n// 2. Isi semua field mandatory dengan 256 karakter\ncheckoutPage.fillShippingAddress(invalidLongTextShippingAddress);\ncheckoutPage.selectShippingMethod(checkoutData.shippingMethod.standard);\ncy.wait(1000);\n// 3. Pilih billing address: use a different billing address\ncheckoutPage.selectDifferentBillingAddress();\n// 4. Isi semua field mandatory dengan 256 karakter\ncheckoutPage.fillBillingAddress(invalidLongTextBillingAddress);\n// 5. Pilih COD\ncheckoutPage.selectPaymentMethodCOD();\ncy.wait(1000);\n// 6. Klik place order\ncheckoutPage.clickPlaceOrder();\n// Expected: Muncul pesan error untuk telephone dan postcode\ncheckoutPage.verifyInvalidFormatError(expectedMessages.telephoneInvalidFormat);\ncheckoutPage.verifyInvalidFormatError(expectedMessages.postcodeInvalidFormat);\n// Expected: Checkout gagal\ncheckoutPage.verifyCheckoutFailed();",
              "err": {
                "message": "AssertionError: Timed out retrying after 4000ms: Expected to find content: 'Telephone can only contain numbers' but never did.",
                "estack": "AssertionError: Timed out retrying after 4000ms: Expected to find content: 'Telephone can only contain numbers' but never did.\n    at CheckoutPageWithoutLogin.verifyInvalidFormatError (webpack:///./cypress/support/POM/checkoutPageWithoutLogin.js:533:25)\n    at Context.eval (webpack:///./cypress/e2e/checkoutPageWithoutLogin.cy.js:235:17)",
                "diff": null
              },
              "uuid": "c3aa87dd-61db-43f5-a297-2f8e7240de9a",
              "parentUUID": "f2cfd88c-7545-43d6-a950-d69e031a9751",
              "isHook": false,
              "skipped": false
            }
          ],
          "suites": [],
          "passes": [],
          "failures": [
            "c3aa87dd-61db-43f5-a297-2f8e7240de9a"
          ],
          "pending": [],
          "skipped": [],
          "duration": 75586,
          "root": false,
          "rootEmpty": false,
          "_timeout": 2000
        }
      ],
      "passes": [],
      "failures": [],
      "pending": [],
      "skipped": [],
      "duration": 0,
      "root": true,
      "rootEmpty": true,
      "_timeout": 2000
    }
  ],
  "meta": {
    "mocha": {
      "version": "7.2.0"
    },
    "mochawesome": {
      "options": {
        "quiet": false,
        "reportFilename": "mochawesome",
        "saveHtml": true,
        "saveJson": true,
        "consoleReporter": "spec",
        "useInlineDiffs": false,
        "code": true
      },
      "version": "7.1.4"
    },
    "marge": {
      "options": {
        "reportDir": "cypress/results",
        "overwrite": false,
        "html": true,
        "json": true
      },
      "version": "6.3.2"
    }
  }
}